2020-03-21 00:58:36,179 [restartedMain] INFO  pe.gob.minsa.sospechoso.McsRegistroSospechosoApplication - Starting McsRegistroSospechosoApplication on kevin-OptiPlex-9010 with PID 23634 (/home/kevin/Documentos/workspace/mcs-registro-sospechoso/target/classes started by kevin in /home/kevin/Documentos/workspace/mcs-registro-sospechoso)
2020-03-21 00:58:36,179 [restartedMain] DEBUG pe.gob.minsa.sospechoso.McsRegistroSospechosoApplication - Running with Spring Boot v2.1.13.RELEASE, Spring v5.1.14.RELEASE
2020-03-21 00:58:36,179 [restartedMain] INFO  pe.gob.minsa.sospechoso.McsRegistroSospechosoApplication - No active profile set, falling back to default profiles: default
2020-03-21 00:58:36,586 [restartedMain] DEBUG springfox.documentation.spring.web.PropertySourcedRequestMappingHandlerMapping - initialising the handler methods
2020-03-21 00:58:36,587 [restartedMain] INFO  springfox.documentation.spring.web.PropertySourcedRequestMappingHandlerMapping - Mapped URL path [/v2/api-docs] onto method [public org.springframework.http.ResponseEntity<springfox.documentation.spring.web.json.Json> springfox.documentation.swagger2.web.Swagger2Controller.getDocumentation(java.lang.String,javax.servlet.http.HttpServletRequest)]
2020-03-21 00:58:36,671 [restartedMain] INFO  springfox.documentation.spring.web.plugins.DocumentationPluginsBootstrapper - Context refreshed
2020-03-21 00:58:36,672 [restartedMain] INFO  springfox.documentation.spring.web.plugins.DocumentationPluginsBootstrapper - Found 1 custom documentation plugin(s)
2020-03-21 00:58:36,674 [restartedMain] DEBUG springfox.documentation.spring.web.plugins.DefaultRequestHandlerCombiner - Total number of request handlers 6
2020-03-21 00:58:36,674 [restartedMain] DEBUG springfox.documentation.spring.web.plugins.DefaultRequestHandlerCombiner - Adding key: [/error], WebMvcRequestHandler{key=RequestHandlerKey{pathMappings=[/error], supportedMethods=[], supportedMediaTypes=[], producibleMediaTypes=[text/html]}}
2020-03-21 00:58:36,674 [restartedMain] DEBUG springfox.documentation.spring.web.plugins.DefaultRequestHandlerCombiner - Adding key: [/error], WebMvcRequestHandler{key=RequestHandlerKey{pathMappings=[/error], supportedMethods=[], supportedMediaTypes=[], producibleMediaTypes=[]}}
2020-03-21 00:58:36,674 [restartedMain] DEBUG springfox.documentation.spring.web.plugins.DefaultRequestHandlerCombiner - Adding key: [/servicio/v0.0.1/registra-caso], WebMvcRequestHandler{key=RequestHandlerKey{pathMappings=[/servicio/v0.0.1/registra-caso], supportedMethods=[POST], supportedMediaTypes=[], producibleMediaTypes=[application/json;charset=utf-8]}}
2020-03-21 00:58:36,674 [restartedMain] DEBUG springfox.documentation.spring.web.plugins.DefaultRequestHandlerCombiner - Adding key: [/swagger-resources/configuration/security], WebMvcRequestHandler{key=RequestHandlerKey{pathMappings=[/swagger-resources/configuration/security], supportedMethods=[], supportedMediaTypes=[], producibleMediaTypes=[]}}
2020-03-21 00:58:36,674 [restartedMain] DEBUG springfox.documentation.spring.web.plugins.DefaultRequestHandlerCombiner - Adding key: [/swagger-resources/configuration/ui], WebMvcRequestHandler{key=RequestHandlerKey{pathMappings=[/swagger-resources/configuration/ui], supportedMethods=[], supportedMediaTypes=[], producibleMediaTypes=[]}}
2020-03-21 00:58:36,674 [restartedMain] DEBUG springfox.documentation.spring.web.plugins.DefaultRequestHandlerCombiner - Adding key: [/swagger-resources], WebMvcRequestHandler{key=RequestHandlerKey{pathMappings=[/swagger-resources], supportedMethods=[], supportedMediaTypes=[], producibleMediaTypes=[]}}
2020-03-21 00:58:36,675 [restartedMain] DEBUG springfox.documentation.spring.web.plugins.DefaultRequestHandlerCombiner - Combined number of request handlers 6
2020-03-21 00:58:36,675 [restartedMain] INFO  springfox.documentation.spring.web.scanners.ApiListingReferenceScanner - Scanning for api listing references
2020-03-21 00:58:36,676 [restartedMain] DEBUG springfox.documentation.spring.web.readers.operation.OperationModelsProvider - Adding return parameter of type Lpe/gob/minsa/sospechoso/bean/ResponseRegistraSospechoso;
2020-03-21 00:58:36,676 [restartedMain] DEBUG springfox.documentation.spring.web.readers.operation.OperationModelsProvider - Reading parameters models for handlerMethod |registraCaso|
2020-03-21 00:58:36,676 [restartedMain] DEBUG springfox.documentation.spring.web.readers.operation.OperationModelsProvider - Adding input parameter of type Lpe/gob/minsa/sospechoso/model/Sospechoso;
2020-03-21 00:58:36,676 [restartedMain] DEBUG springfox.documentation.spring.web.readers.operation.OperationModelsProvider - Finished reading parameters models for handlerMethod |registraCaso|
2020-03-21 00:58:36,677 [restartedMain] DEBUG springfox.documentation.swagger.readers.operation.SwaggerOperationModelsProvider - Reading parameters models for handlerMethod |registraCaso|
2020-03-21 00:58:36,680 [restartedMain] DEBUG springfox.documentation.spring.web.scanners.ApiModelReader - Generated parameter model id: ResponseRegistraSospechoso, name: ResponseRegistraSospechoso, schema: {} models
2020-03-21 00:58:36,680 [restartedMain] DEBUG springfox.documentation.spring.web.scanners.ApiModelReader - Adding a new model with key ResponseRegistraSospechoso
2020-03-21 00:58:36,685 [restartedMain] DEBUG springfox.documentation.spring.web.scanners.ApiModelReader - Generated parameter model id: Sospechoso, name: Sospechoso, schema: {} models
2020-03-21 00:58:36,685 [restartedMain] DEBUG springfox.documentation.spring.web.scanners.ApiModelReader - Adding a new model with key Sospechoso
2020-03-21 00:58:36,687 [restartedMain] DEBUG springfox.documentation.spring.web.readers.operation.OperationResponseClassReader - Setting spring response class to: ResponseRegistraSospechoso
2020-03-21 00:58:36,687 [restartedMain] DEBUG springfox.documentation.swagger.readers.operation.SwaggerOperationResponseClassReader - Setting response class to:ResponseRegistraSospechoso
2020-03-21 00:58:36,687 [restartedMain] DEBUG springfox.documentation.swagger.readers.operation.OperationAuthReader - Authorization count 0 for method registraCaso
2020-03-21 00:58:36,694 [restartedMain] INFO  pe.gob.minsa.sospechoso.McsRegistroSospechosoApplication - Started McsRegistroSospechosoApplication in 0.548 seconds (JVM running for 1470.554)
2020-03-21 00:59:32,366 [restartedMain] INFO  pe.gob.minsa.sospechoso.McsRegistroSospechosoApplication - Starting McsRegistroSospechosoApplication on kevin-OptiPlex-9010 with PID 23634 (/home/kevin/Documentos/workspace/mcs-registro-sospechoso/target/classes started by kevin in /home/kevin/Documentos/workspace/mcs-registro-sospechoso)
2020-03-21 00:59:32,366 [restartedMain] DEBUG pe.gob.minsa.sospechoso.McsRegistroSospechosoApplication - Running with Spring Boot v2.1.13.RELEASE, Spring v5.1.14.RELEASE
2020-03-21 00:59:32,366 [restartedMain] INFO  pe.gob.minsa.sospechoso.McsRegistroSospechosoApplication - No active profile set, falling back to default profiles: default
2020-03-21 00:59:32,711 [restartedMain] DEBUG springfox.documentation.spring.web.PropertySourcedRequestMappingHandlerMapping - initialising the handler methods
2020-03-21 00:59:32,712 [restartedMain] INFO  springfox.documentation.spring.web.PropertySourcedRequestMappingHandlerMapping - Mapped URL path [/v2/api-docs] onto method [public org.springframework.http.ResponseEntity<springfox.documentation.spring.web.json.Json> springfox.documentation.swagger2.web.Swagger2Controller.getDocumentation(java.lang.String,javax.servlet.http.HttpServletRequest)]
2020-03-21 00:59:32,789 [restartedMain] INFO  springfox.documentation.spring.web.plugins.DocumentationPluginsBootstrapper - Context refreshed
2020-03-21 00:59:32,789 [restartedMain] INFO  springfox.documentation.spring.web.plugins.DocumentationPluginsBootstrapper - Found 1 custom documentation plugin(s)
2020-03-21 00:59:32,791 [restartedMain] DEBUG springfox.documentation.spring.web.plugins.DefaultRequestHandlerCombiner - Total number of request handlers 6
2020-03-21 00:59:32,792 [restartedMain] DEBUG springfox.documentation.spring.web.plugins.DefaultRequestHandlerCombiner - Adding key: [/error], WebMvcRequestHandler{key=RequestHandlerKey{pathMappings=[/error], supportedMethods=[], supportedMediaTypes=[], producibleMediaTypes=[text/html]}}
2020-03-21 00:59:32,792 [restartedMain] DEBUG springfox.documentation.spring.web.plugins.DefaultRequestHandlerCombiner - Adding key: [/error], WebMvcRequestHandler{key=RequestHandlerKey{pathMappings=[/error], supportedMethods=[], supportedMediaTypes=[], producibleMediaTypes=[]}}
2020-03-21 00:59:32,792 [restartedMain] DEBUG springfox.documentation.spring.web.plugins.DefaultRequestHandlerCombiner - Adding key: [/servicio/v0.0.1/registra-caso], WebMvcRequestHandler{key=RequestHandlerKey{pathMappings=[/servicio/v0.0.1/registra-caso], supportedMethods=[POST], supportedMediaTypes=[], producibleMediaTypes=[application/json;charset=utf-8]}}
2020-03-21 00:59:32,792 [restartedMain] DEBUG springfox.documentation.spring.web.plugins.DefaultRequestHandlerCombiner - Adding key: [/swagger-resources/configuration/security], WebMvcRequestHandler{key=RequestHandlerKey{pathMappings=[/swagger-resources/configuration/security], supportedMethods=[], supportedMediaTypes=[], producibleMediaTypes=[]}}
2020-03-21 00:59:32,792 [restartedMain] DEBUG springfox.documentation.spring.web.plugins.DefaultRequestHandlerCombiner - Adding key: [/swagger-resources/configuration/ui], WebMvcRequestHandler{key=RequestHandlerKey{pathMappings=[/swagger-resources/configuration/ui], supportedMethods=[], supportedMediaTypes=[], producibleMediaTypes=[]}}
2020-03-21 00:59:32,792 [restartedMain] DEBUG springfox.documentation.spring.web.plugins.DefaultRequestHandlerCombiner - Adding key: [/swagger-resources], WebMvcRequestHandler{key=RequestHandlerKey{pathMappings=[/swagger-resources], supportedMethods=[], supportedMediaTypes=[], producibleMediaTypes=[]}}
2020-03-21 00:59:32,793 [restartedMain] DEBUG springfox.documentation.spring.web.plugins.DefaultRequestHandlerCombiner - Combined number of request handlers 6
2020-03-21 00:59:32,794 [restartedMain] INFO  springfox.documentation.spring.web.scanners.ApiListingReferenceScanner - Scanning for api listing references
2020-03-21 00:59:32,795 [restartedMain] DEBUG springfox.documentation.spring.web.readers.operation.OperationModelsProvider - Adding return parameter of type Lpe/gob/minsa/sospechoso/bean/ResponseRegistraSospechoso;
2020-03-21 00:59:32,795 [restartedMain] DEBUG springfox.documentation.spring.web.readers.operation.OperationModelsProvider - Reading parameters models for handlerMethod |registraCaso|
2020-03-21 00:59:32,795 [restartedMain] DEBUG springfox.documentation.spring.web.readers.operation.OperationModelsProvider - Adding input parameter of type Lpe/gob/minsa/sospechoso/model/Sospechoso;
2020-03-21 00:59:32,795 [restartedMain] DEBUG springfox.documentation.spring.web.readers.operation.OperationModelsProvider - Finished reading parameters models for handlerMethod |registraCaso|
2020-03-21 00:59:32,795 [restartedMain] DEBUG springfox.documentation.swagger.readers.operation.SwaggerOperationModelsProvider - Reading parameters models for handlerMethod |registraCaso|
2020-03-21 00:59:32,797 [restartedMain] DEBUG springfox.documentation.spring.web.scanners.ApiModelReader - Generated parameter model id: ResponseRegistraSospechoso, name: ResponseRegistraSospechoso, schema: {} models
2020-03-21 00:59:32,797 [restartedMain] DEBUG springfox.documentation.spring.web.scanners.ApiModelReader - Adding a new model with key ResponseRegistraSospechoso
2020-03-21 00:59:32,803 [restartedMain] DEBUG springfox.documentation.spring.web.scanners.ApiModelReader - Generated parameter model id: Sospechoso, name: Sospechoso, schema: {} models
2020-03-21 00:59:32,803 [restartedMain] DEBUG springfox.documentation.spring.web.scanners.ApiModelReader - Adding a new model with key Sospechoso
2020-03-21 00:59:32,805 [restartedMain] DEBUG springfox.documentation.spring.web.readers.operation.OperationResponseClassReader - Setting spring response class to: ResponseRegistraSospechoso
2020-03-21 00:59:32,805 [restartedMain] DEBUG springfox.documentation.swagger.readers.operation.SwaggerOperationResponseClassReader - Setting response class to:ResponseRegistraSospechoso
2020-03-21 00:59:32,805 [restartedMain] DEBUG springfox.documentation.swagger.readers.operation.OperationAuthReader - Authorization count 0 for method registraCaso
2020-03-21 00:59:32,813 [restartedMain] INFO  pe.gob.minsa.sospechoso.McsRegistroSospechosoApplication - Started McsRegistroSospechosoApplication in 0.476 seconds (JVM running for 1526.674)
2020-03-21 00:59:34,349 [restartedMain] INFO  pe.gob.minsa.sospechoso.McsRegistroSospechosoApplication - Starting McsRegistroSospechosoApplication on kevin-OptiPlex-9010 with PID 23634 (/home/kevin/Documentos/workspace/mcs-registro-sospechoso/target/classes started by kevin in /home/kevin/Documentos/workspace/mcs-registro-sospechoso)
2020-03-21 00:59:34,350 [restartedMain] DEBUG pe.gob.minsa.sospechoso.McsRegistroSospechosoApplication - Running with Spring Boot v2.1.13.RELEASE, Spring v5.1.14.RELEASE
2020-03-21 00:59:34,350 [restartedMain] INFO  pe.gob.minsa.sospechoso.McsRegistroSospechosoApplication - No active profile set, falling back to default profiles: default
2020-03-21 00:59:34,706 [restartedMain] DEBUG springfox.documentation.spring.web.PropertySourcedRequestMappingHandlerMapping - initialising the handler methods
2020-03-21 00:59:34,707 [restartedMain] INFO  springfox.documentation.spring.web.PropertySourcedRequestMappingHandlerMapping - Mapped URL path [/v2/api-docs] onto method [public org.springframework.http.ResponseEntity<springfox.documentation.spring.web.json.Json> springfox.documentation.swagger2.web.Swagger2Controller.getDocumentation(java.lang.String,javax.servlet.http.HttpServletRequest)]
2020-03-21 00:59:34,781 [restartedMain] INFO  springfox.documentation.spring.web.plugins.DocumentationPluginsBootstrapper - Context refreshed
2020-03-21 00:59:34,781 [restartedMain] INFO  springfox.documentation.spring.web.plugins.DocumentationPluginsBootstrapper - Found 1 custom documentation plugin(s)
2020-03-21 00:59:34,783 [restartedMain] DEBUG springfox.documentation.spring.web.plugins.DefaultRequestHandlerCombiner - Total number of request handlers 6
2020-03-21 00:59:34,784 [restartedMain] DEBUG springfox.documentation.spring.web.plugins.DefaultRequestHandlerCombiner - Adding key: [/error], WebMvcRequestHandler{key=RequestHandlerKey{pathMappings=[/error], supportedMethods=[], supportedMediaTypes=[], producibleMediaTypes=[text/html]}}
2020-03-21 00:59:34,784 [restartedMain] DEBUG springfox.documentation.spring.web.plugins.DefaultRequestHandlerCombiner - Adding key: [/error], WebMvcRequestHandler{key=RequestHandlerKey{pathMappings=[/error], supportedMethods=[], supportedMediaTypes=[], producibleMediaTypes=[]}}
2020-03-21 00:59:34,784 [restartedMain] DEBUG springfox.documentation.spring.web.plugins.DefaultRequestHandlerCombiner - Adding key: [/servicio/v0.0.1/registra-caso], WebMvcRequestHandler{key=RequestHandlerKey{pathMappings=[/servicio/v0.0.1/registra-caso], supportedMethods=[POST], supportedMediaTypes=[], producibleMediaTypes=[application/json;charset=utf-8]}}
2020-03-21 00:59:34,784 [restartedMain] DEBUG springfox.documentation.spring.web.plugins.DefaultRequestHandlerCombiner - Adding key: [/swagger-resources/configuration/security], WebMvcRequestHandler{key=RequestHandlerKey{pathMappings=[/swagger-resources/configuration/security], supportedMethods=[], supportedMediaTypes=[], producibleMediaTypes=[]}}
2020-03-21 00:59:34,784 [restartedMain] DEBUG springfox.documentation.spring.web.plugins.DefaultRequestHandlerCombiner - Adding key: [/swagger-resources/configuration/ui], WebMvcRequestHandler{key=RequestHandlerKey{pathMappings=[/swagger-resources/configuration/ui], supportedMethods=[], supportedMediaTypes=[], producibleMediaTypes=[]}}
2020-03-21 00:59:34,784 [restartedMain] DEBUG springfox.documentation.spring.web.plugins.DefaultRequestHandlerCombiner - Adding key: [/swagger-resources], WebMvcRequestHandler{key=RequestHandlerKey{pathMappings=[/swagger-resources], supportedMethods=[], supportedMediaTypes=[], producibleMediaTypes=[]}}
2020-03-21 00:59:34,785 [restartedMain] DEBUG springfox.documentation.spring.web.plugins.DefaultRequestHandlerCombiner - Combined number of request handlers 6
2020-03-21 00:59:34,785 [restartedMain] INFO  springfox.documentation.spring.web.scanners.ApiListingReferenceScanner - Scanning for api listing references
2020-03-21 00:59:34,786 [restartedMain] DEBUG springfox.documentation.spring.web.readers.operation.OperationModelsProvider - Adding return parameter of type Lpe/gob/minsa/sospechoso/bean/ResponseRegistraSospechoso;
2020-03-21 00:59:34,786 [restartedMain] DEBUG springfox.documentation.spring.web.readers.operation.OperationModelsProvider - Reading parameters models for handlerMethod |registraCaso|
2020-03-21 00:59:34,786 [restartedMain] DEBUG springfox.documentation.spring.web.readers.operation.OperationModelsProvider - Adding input parameter of type Lpe/gob/minsa/sospechoso/model/Sospechoso;
2020-03-21 00:59:34,786 [restartedMain] DEBUG springfox.documentation.spring.web.readers.operation.OperationModelsProvider - Finished reading parameters models for handlerMethod |registraCaso|
2020-03-21 00:59:34,787 [restartedMain] DEBUG springfox.documentation.swagger.readers.operation.SwaggerOperationModelsProvider - Reading parameters models for handlerMethod |registraCaso|
2020-03-21 00:59:34,789 [restartedMain] DEBUG springfox.documentation.spring.web.scanners.ApiModelReader - Generated parameter model id: ResponseRegistraSospechoso, name: ResponseRegistraSospechoso, schema: {} models
2020-03-21 00:59:34,789 [restartedMain] DEBUG springfox.documentation.spring.web.scanners.ApiModelReader - Adding a new model with key ResponseRegistraSospechoso
2020-03-21 00:59:34,794 [restartedMain] DEBUG springfox.documentation.spring.web.scanners.ApiModelReader - Generated parameter model id: Sospechoso, name: Sospechoso, schema: {} models
2020-03-21 00:59:34,794 [restartedMain] DEBUG springfox.documentation.spring.web.scanners.ApiModelReader - Adding a new model with key Sospechoso
2020-03-21 00:59:34,797 [restartedMain] DEBUG springfox.documentation.spring.web.readers.operation.OperationResponseClassReader - Setting spring response class to: ResponseRegistraSospechoso
2020-03-21 00:59:34,797 [restartedMain] DEBUG springfox.documentation.swagger.readers.operation.SwaggerOperationResponseClassReader - Setting response class to:ResponseRegistraSospechoso
2020-03-21 00:59:34,797 [restartedMain] DEBUG springfox.documentation.swagger.readers.operation.OperationAuthReader - Authorization count 0 for method registraCaso
2020-03-21 00:59:34,804 [restartedMain] INFO  pe.gob.minsa.sospechoso.McsRegistroSospechosoApplication - Started McsRegistroSospechosoApplication in 0.488 seconds (JVM running for 1528.665)
2020-03-21 00:59:43,406 [restartedMain] INFO  pe.gob.minsa.sospechoso.McsRegistroSospechosoApplication - Starting McsRegistroSospechosoApplication on kevin-OptiPlex-9010 with PID 23634 (/home/kevin/Documentos/workspace/mcs-registro-sospechoso/target/classes started by kevin in /home/kevin/Documentos/workspace/mcs-registro-sospechoso)
2020-03-21 00:59:43,407 [restartedMain] DEBUG pe.gob.minsa.sospechoso.McsRegistroSospechosoApplication - Running with Spring Boot v2.1.13.RELEASE, Spring v5.1.14.RELEASE
2020-03-21 00:59:43,407 [restartedMain] INFO  pe.gob.minsa.sospechoso.McsRegistroSospechosoApplication - No active profile set, falling back to default profiles: default
2020-03-21 00:59:43,800 [restartedMain] DEBUG springfox.documentation.spring.web.PropertySourcedRequestMappingHandlerMapping - initialising the handler methods
2020-03-21 00:59:43,801 [restartedMain] INFO  springfox.documentation.spring.web.PropertySourcedRequestMappingHandlerMapping - Mapped URL path [/v2/api-docs] onto method [public org.springframework.http.ResponseEntity<springfox.documentation.spring.web.json.Json> springfox.documentation.swagger2.web.Swagger2Controller.getDocumentation(java.lang.String,javax.servlet.http.HttpServletRequest)]
2020-03-21 00:59:43,887 [restartedMain] INFO  springfox.documentation.spring.web.plugins.DocumentationPluginsBootstrapper - Context refreshed
2020-03-21 00:59:43,888 [restartedMain] INFO  springfox.documentation.spring.web.plugins.DocumentationPluginsBootstrapper - Found 1 custom documentation plugin(s)
2020-03-21 00:59:43,890 [restartedMain] DEBUG springfox.documentation.spring.web.plugins.DefaultRequestHandlerCombiner - Total number of request handlers 6
2020-03-21 00:59:43,890 [restartedMain] DEBUG springfox.documentation.spring.web.plugins.DefaultRequestHandlerCombiner - Adding key: [/error], WebMvcRequestHandler{key=RequestHandlerKey{pathMappings=[/error], supportedMethods=[], supportedMediaTypes=[], producibleMediaTypes=[text/html]}}
2020-03-21 00:59:43,890 [restartedMain] DEBUG springfox.documentation.spring.web.plugins.DefaultRequestHandlerCombiner - Adding key: [/error], WebMvcRequestHandler{key=RequestHandlerKey{pathMappings=[/error], supportedMethods=[], supportedMediaTypes=[], producibleMediaTypes=[]}}
2020-03-21 00:59:43,890 [restartedMain] DEBUG springfox.documentation.spring.web.plugins.DefaultRequestHandlerCombiner - Adding key: [/servicio/v0.0.1/registra-caso], WebMvcRequestHandler{key=RequestHandlerKey{pathMappings=[/servicio/v0.0.1/registra-caso], supportedMethods=[POST], supportedMediaTypes=[], producibleMediaTypes=[application/json;charset=utf-8]}}
2020-03-21 00:59:43,890 [restartedMain] DEBUG springfox.documentation.spring.web.plugins.DefaultRequestHandlerCombiner - Adding key: [/swagger-resources/configuration/security], WebMvcRequestHandler{key=RequestHandlerKey{pathMappings=[/swagger-resources/configuration/security], supportedMethods=[], supportedMediaTypes=[], producibleMediaTypes=[]}}
2020-03-21 00:59:43,890 [restartedMain] DEBUG springfox.documentation.spring.web.plugins.DefaultRequestHandlerCombiner - Adding key: [/swagger-resources/configuration/ui], WebMvcRequestHandler{key=RequestHandlerKey{pathMappings=[/swagger-resources/configuration/ui], supportedMethods=[], supportedMediaTypes=[], producibleMediaTypes=[]}}
2020-03-21 00:59:43,890 [restartedMain] DEBUG springfox.documentation.spring.web.plugins.DefaultRequestHandlerCombiner - Adding key: [/swagger-resources], WebMvcRequestHandler{key=RequestHandlerKey{pathMappings=[/swagger-resources], supportedMethods=[], supportedMediaTypes=[], producibleMediaTypes=[]}}
2020-03-21 00:59:43,892 [restartedMain] DEBUG springfox.documentation.spring.web.plugins.DefaultRequestHandlerCombiner - Combined number of request handlers 6
2020-03-21 00:59:43,892 [restartedMain] INFO  springfox.documentation.spring.web.scanners.ApiListingReferenceScanner - Scanning for api listing references
2020-03-21 00:59:43,893 [restartedMain] DEBUG springfox.documentation.spring.web.readers.operation.OperationModelsProvider - Adding return parameter of type Lpe/gob/minsa/sospechoso/bean/ResponseRegistraSospechoso;
2020-03-21 00:59:43,893 [restartedMain] DEBUG springfox.documentation.spring.web.readers.operation.OperationModelsProvider - Reading parameters models for handlerMethod |registraCaso|
2020-03-21 00:59:43,893 [restartedMain] DEBUG springfox.documentation.spring.web.readers.operation.OperationModelsProvider - Adding input parameter of type Lpe/gob/minsa/sospechoso/model/Sospechoso;
2020-03-21 00:59:43,893 [restartedMain] DEBUG springfox.documentation.spring.web.readers.operation.OperationModelsProvider - Finished reading parameters models for handlerMethod |registraCaso|
2020-03-21 00:59:43,893 [restartedMain] DEBUG springfox.documentation.swagger.readers.operation.SwaggerOperationModelsProvider - Reading parameters models for handlerMethod |registraCaso|
2020-03-21 00:59:43,895 [restartedMain] DEBUG springfox.documentation.spring.web.scanners.ApiModelReader - Generated parameter model id: ResponseRegistraSospechoso, name: ResponseRegistraSospechoso, schema: {} models
2020-03-21 00:59:43,895 [restartedMain] DEBUG springfox.documentation.spring.web.scanners.ApiModelReader - Adding a new model with key ResponseRegistraSospechoso
2020-03-21 00:59:43,901 [restartedMain] DEBUG springfox.documentation.spring.web.scanners.ApiModelReader - Generated parameter model id: Sospechoso, name: Sospechoso, schema: {} models
2020-03-21 00:59:43,901 [restartedMain] DEBUG springfox.documentation.spring.web.scanners.ApiModelReader - Adding a new model with key Sospechoso
2020-03-21 00:59:43,903 [restartedMain] DEBUG springfox.documentation.spring.web.readers.operation.OperationResponseClassReader - Setting spring response class to: ResponseRegistraSospechoso
2020-03-21 00:59:43,903 [restartedMain] DEBUG springfox.documentation.swagger.readers.operation.SwaggerOperationResponseClassReader - Setting response class to:ResponseRegistraSospechoso
2020-03-21 00:59:43,903 [restartedMain] DEBUG springfox.documentation.swagger.readers.operation.OperationAuthReader - Authorization count 0 for method registraCaso
2020-03-21 00:59:43,910 [restartedMain] INFO  pe.gob.minsa.sospechoso.McsRegistroSospechosoApplication - Started McsRegistroSospechosoApplication in 0.543 seconds (JVM running for 1537.771)
